<?xml version="1.0" encoding="UTF-8"?>
<!-- Generated by org.testng.reporters.JUnitReportReporter -->
<testsuite hostname="DESKTOP-3715PHD" name="com.inetBanking.testCases.TC_LoginTest_001" tests="1" failures="0" timestamp="28 Oct 2020 16:49:35 GMT" time="1.188" errors="0">
  <testcase name="loginTest" time="1.188" classname="com.inetBanking.testCases.TC_LoginTest_001"/>
</testsuite> <!-- com.inetBanking.testCases.TC_LoginTest_001 -->
